-------------------------------------------------------------------------------
>Log Session: Wednesday, May 11, 2016 7:44:48 PM CEST
>System Info: 
  Product Version         = AsteroidsNetbeansModules 201510222201
  Operating System        = Windows 10 version 10.0 running on amd64
  Java; VM; Vendor        = 1.8.0_91; Java HotSpot(TM) 64-Bit Server VM 25.91-b14; Oracle Corporation
  Runtime                 = Java(TM) SE Runtime Environment 1.8.0_91-b14
  Java Home               = C:\Program Files\Java\jdk1.8.0_91\jre
  System Locale; Encoding = en_US (asteroidsnetbeansmodules); Cp1252
  Home Directory          = C:\Users\simon
  Current Directory       = C:\Users\simon\Documents\NetBeansProjects\SB4-KOM-F16\AsteroidsNetbeansModules\application\target\asteroidsnetbeansmodules
  User Directory          = C:\Users\simon\Documents\NetBeansProjects\SB4-KOM-F16\AsteroidsNetbeansModules\application\target\userdir
  Cache Directory         = C:\Users\simon\Documents\NetBeansProjects\SB4-KOM-F16\AsteroidsNetbeansModules\application\target\userdir\var\cache
  Installation            = C:\Users\simon\Documents\NetBeansProjects\SB4-KOM-F16\AsteroidsNetbeansModules\application\target\asteroidsnetbeansmodules\asteroidsnetbeansmodules
                            C:\Users\simon\Documents\NetBeansProjects\SB4-KOM-F16\AsteroidsNetbeansModules\application\target\asteroidsnetbeansmodules\bin
                            C:\Users\simon\Documents\NetBeansProjects\SB4-KOM-F16\AsteroidsNetbeansModules\application\target\asteroidsnetbeansmodules\etc
                            C:\Users\simon\Documents\NetBeansProjects\SB4-KOM-F16\AsteroidsNetbeansModules\application\target\asteroidsnetbeansmodules\extra
                            C:\Users\simon\Documents\NetBeansProjects\SB4-KOM-F16\AsteroidsNetbeansModules\application\target\asteroidsnetbeansmodules\platform
                            C:\Users\simon\Documents\NetBeansProjects\SB4-KOM-F16\AsteroidsNetbeansModules\application\target\asteroidsnetbeansmodules\platform
  Boot & Ext. Classpath   = C:\Program Files\Java\jdk1.8.0_91\jre\lib\resources.jar;C:\Program Files\Java\jdk1.8.0_91\jre\lib\rt.jar;C:\Program Files\Java\jdk1.8.0_91\jre\lib\sunrsasign.jar;C:\Program Files\Java\jdk1.8.0_91\jre\lib\jsse.jar;C:\Program Files\Java\jdk1.8.0_91\jre\lib\jce.jar;C:\Program Files\Java\jdk1.8.0_91\jre\lib\charsets.jar;C:\Program Files\Java\jdk1.8.0_91\jre\lib\jfr.jar;C:\Program Files\Java\jdk1.8.0_91\jre\classes;C:\Program Files\Java\jdk1.8.0_91\jre\lib\ext\access-bridge-64.jar;C:\Program Files\Java\jdk1.8.0_91\jre\lib\ext\cldrdata.jar;C:\Program Files\Java\jdk1.8.0_91\jre\lib\ext\dnsns.jar;C:\Program Files\Java\jdk1.8.0_91\jre\lib\ext\jaccess.jar;C:\Program Files\Java\jdk1.8.0_91\jre\lib\ext\jfxrt.jar;C:\Program Files\Java\jdk1.8.0_91\jre\lib\ext\localedata.jar;C:\Program Files\Java\jdk1.8.0_91\jre\lib\ext\nashorn.jar;C:\Program Files\Java\jdk1.8.0_91\jre\lib\ext\sunec.jar;C:\Program Files\Java\jdk1.8.0_91\jre\lib\ext\sunjce_provider.jar;C:\Program Files\Java\jdk1.8.0_91\jre\lib\ext\sunmscapi.jar;C:\Program Files\Java\jdk1.8.0_91\jre\lib\ext\sunpkcs11.jar;C:\Program Files\Java\jdk1.8.0_91\jre\lib\ext\zipfs.jar
  Application Classpath   = C:\Users\simon\Documents\NetBeansProjects\SB4-KOM-F16\AsteroidsNetbeansModules\application\target\asteroidsnetbeansmodules\platform\lib\boot.jar;C:\Users\simon\Documents\NetBeansProjects\SB4-KOM-F16\AsteroidsNetbeansModules\application\target\asteroidsnetbeansmodules\platform\lib\org-openide-modules.jar;C:\Users\simon\Documents\NetBeansProjects\SB4-KOM-F16\AsteroidsNetbeansModules\application\target\asteroidsnetbeansmodules\platform\lib\org-openide-util-lookup.jar;C:\Users\simon\Documents\NetBeansProjects\SB4-KOM-F16\AsteroidsNetbeansModules\application\target\asteroidsnetbeansmodules\platform\lib\org-openide-util-ui.jar;C:\Users\simon\Documents\NetBeansProjects\SB4-KOM-F16\AsteroidsNetbeansModules\application\target\asteroidsnetbeansmodules\platform\lib\org-openide-util.jar;C:\Users\simon\Documents\NetBeansProjects\SB4-KOM-F16\AsteroidsNetbeansModules\application\target\asteroidsnetbeansmodules\platform\lib\locale\boot_ja.jar;C:\Users\simon\Documents\NetBeansProjects\SB4-KOM-F16\AsteroidsNetbeansModules\application\target\asteroidsnetbeansmodules\platform\lib\locale\boot_pt_BR.jar;C:\Users\simon\Documents\NetBeansProjects\SB4-KOM-F16\AsteroidsNetbeansModules\application\target\asteroidsnetbeansmodules\platform\lib\locale\boot_ru.jar;C:\Users\simon\Documents\NetBeansProjects\SB4-KOM-F16\AsteroidsNetbeansModules\application\target\asteroidsnetbeansmodules\platform\lib\locale\boot_zh_CN.jar;C:\Users\simon\Documents\NetBeansProjects\SB4-KOM-F16\AsteroidsNetbeansModules\application\target\asteroidsnetbeansmodules\platform\lib\locale\org-openide-modules_ja.jar;C:\Users\simon\Documents\NetBeansProjects\SB4-KOM-F16\AsteroidsNetbeansModules\application\target\asteroidsnetbeansmodules\platform\lib\locale\org-openide-modules_pt_BR.jar;C:\Users\simon\Documents\NetBeansProjects\SB4-KOM-F16\AsteroidsNetbeansModules\application\target\asteroidsnetbeansmodules\platform\lib\locale\org-openide-modules_ru.jar;C:\Users\simon\Documents\NetBeansProjects\SB4-KOM-F16\AsteroidsNetbeansModules\application\target\asteroidsnetbeansmodules\platform\lib\locale\org-openide-modules_zh_CN.jar;C:\Users\simon\Documents\NetBeansProjects\SB4-KOM-F16\AsteroidsNetbeansModules\application\target\asteroidsnetbeansmodules\platform\lib\locale\org-openide-util-lookup_ja.jar;C:\Users\simon\Documents\NetBeansProjects\SB4-KOM-F16\AsteroidsNetbeansModules\application\target\asteroidsnetbeansmodules\platform\lib\locale\org-openide-util-lookup_pt_BR.jar;C:\Users\simon\Documents\NetBeansProjects\SB4-KOM-F16\AsteroidsNetbeansModules\application\target\asteroidsnetbeansmodules\platform\lib\locale\org-openide-util-lookup_ru.jar;C:\Users\simon\Documents\NetBeansProjects\SB4-KOM-F16\AsteroidsNetbeansModules\application\target\asteroidsnetbeansmodules\platform\lib\locale\org-openide-util-lookup_zh_CN.jar;C:\Users\simon\Documents\NetBeansProjects\SB4-KOM-F16\AsteroidsNetbeansModules\application\target\asteroidsnetbeansmodules\platform\lib\locale\org-openide-util-ui_ja.jar;C:\Users\simon\Documents\NetBeansProjects\SB4-KOM-F16\AsteroidsNetbeansModules\application\target\asteroidsnetbeansmodules\platform\lib\locale\org-openide-util-ui_pt_BR.jar;C:\Users\simon\Documents\NetBeansProjects\SB4-KOM-F16\AsteroidsNetbeansModules\application\target\asteroidsnetbeansmodules\platform\lib\locale\org-openide-util-ui_ru.jar;C:\Users\simon\Documents\NetBeansProjects\SB4-KOM-F16\AsteroidsNetbeansModules\application\target\asteroidsnetbeansmodules\platform\lib\locale\org-openide-util-ui_zh_CN.jar;C:\Users\simon\Documents\NetBeansProjects\SB4-KOM-F16\AsteroidsNetbeansModules\application\target\asteroidsnetbeansmodules\platform\lib\locale\org-openide-util_ja.jar;C:\Users\simon\Documents\NetBeansProjects\SB4-KOM-F16\AsteroidsNetbeansModules\application\target\asteroidsnetbeansmodules\platform\lib\locale\org-openide-util_pt_BR.jar;C:\Users\simon\Documents\NetBeansProjects\SB4-KOM-F16\AsteroidsNetbeansModules\application\target\asteroidsnetbeansmodules\platform\lib\locale\org-openide-util_ru.jar;C:\Users\simon\Documents\NetBeansProjects\SB4-KOM-F16\AsteroidsNetbeansModules\application\target\asteroidsnetbeansmodules\platform\lib\locale\org-openide-util_zh_CN.jar;C:\Program Files\Java\jdk1.8.0_91\lib\dt.jar;C:\Program Files\Java\jdk1.8.0_91\lib\tools.jar
  Startup Classpath       = C:\Users\simon\Documents\NetBeansProjects\SB4-KOM-F16\AsteroidsNetbeansModules\application\target\asteroidsnetbeansmodules\platform\core\asm-all-5.0.1.jar;C:\Users\simon\Documents\NetBeansProjects\SB4-KOM-F16\AsteroidsNetbeansModules\application\target\asteroidsnetbeansmodules\platform\core\core-base.jar;C:\Users\simon\Documents\NetBeansProjects\SB4-KOM-F16\AsteroidsNetbeansModules\application\target\asteroidsnetbeansmodules\platform\core\core.jar;C:\Users\simon\Documents\NetBeansProjects\SB4-KOM-F16\AsteroidsNetbeansModules\application\target\asteroidsnetbeansmodules\platform\core\org-netbeans-libs-asm.jar;C:\Users\simon\Documents\NetBeansProjects\SB4-KOM-F16\AsteroidsNetbeansModules\application\target\asteroidsnetbeansmodules\platform\core\org-openide-filesystems-compat8.jar;C:\Users\simon\Documents\NetBeansProjects\SB4-KOM-F16\AsteroidsNetbeansModules\application\target\asteroidsnetbeansmodules\platform\core\org-openide-filesystems.jar;C:\Users\simon\Documents\NetBeansProjects\SB4-KOM-F16\AsteroidsNetbeansModules\application\target\asteroidsnetbeansmodules\platform\core\locale\core-base_ja.jar;C:\Users\simon\Documents\NetBeansProjects\SB4-KOM-F16\AsteroidsNetbeansModules\application\target\asteroidsnetbeansmodules\platform\core\locale\core-base_pt_BR.jar;C:\Users\simon\Documents\NetBeansProjects\SB4-KOM-F16\AsteroidsNetbeansModules\application\target\asteroidsnetbeansmodules\platform\core\locale\core-base_ru.jar;C:\Users\simon\Documents\NetBeansProjects\SB4-KOM-F16\AsteroidsNetbeansModules\application\target\asteroidsnetbeansmodules\platform\core\locale\core-base_zh_CN.jar;C:\Users\simon\Documents\NetBeansProjects\SB4-KOM-F16\AsteroidsNetbeansModules\application\target\asteroidsnetbeansmodules\platform\core\locale\core_ja.jar;C:\Users\simon\Documents\NetBeansProjects\SB4-KOM-F16\AsteroidsNetbeansModules\application\target\asteroidsnetbeansmodules\platform\core\locale\core_pt_BR.jar;C:\Users\simon\Documents\NetBeansProjects\SB4-KOM-F16\AsteroidsNetbeansModules\application\target\asteroidsnetbeansmodules\platform\core\locale\core_ru.jar;C:\Users\simon\Documents\NetBeansProjects\SB4-KOM-F16\AsteroidsNetbeansModules\application\target\asteroidsnetbeansmodules\platform\core\locale\core_zh_CN.jar;C:\Users\simon\Documents\NetBeansProjects\SB4-KOM-F16\AsteroidsNetbeansModules\application\target\asteroidsnetbeansmodules\platform\core\locale\org-netbeans-libs-asm_ja.jar;C:\Users\simon\Documents\NetBeansProjects\SB4-KOM-F16\AsteroidsNetbeansModules\application\target\asteroidsnetbeansmodules\platform\core\locale\org-netbeans-libs-asm_pt_BR.jar;C:\Users\simon\Documents\NetBeansProjects\SB4-KOM-F16\AsteroidsNetbeansModules\application\target\asteroidsnetbeansmodules\platform\core\locale\org-netbeans-libs-asm_ru.jar;C:\Users\simon\Documents\NetBeansProjects\SB4-KOM-F16\AsteroidsNetbeansModules\application\target\asteroidsnetbeansmodules\platform\core\locale\org-netbeans-libs-asm_zh_CN.jar;C:\Users\simon\Documents\NetBeansProjects\SB4-KOM-F16\AsteroidsNetbeansModules\application\target\asteroidsnetbeansmodules\platform\core\locale\org-openide-filesystems-compat8_ja.jar;C:\Users\simon\Documents\NetBeansProjects\SB4-KOM-F16\AsteroidsNetbeansModules\application\target\asteroidsnetbeansmodules\platform\core\locale\org-openide-filesystems-compat8_pt_BR.jar;C:\Users\simon\Documents\NetBeansProjects\SB4-KOM-F16\AsteroidsNetbeansModules\application\target\asteroidsnetbeansmodules\platform\core\locale\org-openide-filesystems-compat8_ru.jar;C:\Users\simon\Documents\NetBeansProjects\SB4-KOM-F16\AsteroidsNetbeansModules\application\target\asteroidsnetbeansmodules\platform\core\locale\org-openide-filesystems-compat8_zh_CN.jar;C:\Users\simon\Documents\NetBeansProjects\SB4-KOM-F16\AsteroidsNetbeansModules\application\target\asteroidsnetbeansmodules\platform\core\locale\org-openide-filesystems_ja.jar;C:\Users\simon\Documents\NetBeansProjects\SB4-KOM-F16\AsteroidsNetbeansModules\application\target\asteroidsnetbeansmodules\platform\core\locale\org-openide-filesystems_pt_BR.jar;C:\Users\simon\Documents\NetBeansProjects\SB4-KOM-F16\AsteroidsNetbeansModules\application\target\asteroidsnetbeansmodules\platform\core\locale\org-openide-filesystems_ru.jar;C:\Users\simon\Documents\NetBeansProjects\SB4-KOM-F16\AsteroidsNetbeansModules\application\target\asteroidsnetbeansmodules\platform\core\locale\org-openide-filesystems_zh_CN.jar;C:\Users\simon\Documents\NetBeansProjects\SB4-KOM-F16\AsteroidsNetbeansModules\application\target\asteroidsnetbeansmodules\asteroidsnetbeansmodules\core\locale\core_asteroidsnetbeansmodules.jar
-------------------------------------------------------------------------------
INFO [org.netbeans.core.startup.NbEvents]: Module patch or custom extension: C:\Users\simon\Documents\NetBeansProjects\SB4-KOM-F16\AsteroidsNetbeansModules\application\target\asteroidsnetbeansmodules\..\..\..\SilentUpdate\target\classes
INFO [org.netbeans.core.startup.NbEvents]: Module patch or custom extension: C:\Users\simon\Documents\NetBeansProjects\SB4-KOM-F16\AsteroidsNetbeansModules\application\target\asteroidsnetbeansmodules\..\..\..\Obstacle\target\classes
INFO [org.netbeans.core.startup.NbEvents]: Module patch or custom extension: C:\Users\simon\Documents\NetBeansProjects\SB4-KOM-F16\AsteroidsNetbeansModules\application\target\asteroidsnetbeansmodules\..\..\..\OSGiActivator\target\classes
INFO [org.netbeans.modules.netbinox]: Install area set to file:/C:/Users/simon/Documents/NetBeansProjects/SB4-KOM-F16/AsteroidsNetbeansModules/application/target/asteroidsnetbeansmodules/
INFO [org.netbeans.core.modules]: Using file:/C:/Users/simon/Documents/NetBeansProjects/SB4-KOM-F16/AsteroidsNetbeansModules/application/target/asteroidsnetbeansmodules/../../../SilentUpdate/target/classes/org/netbeans/modules/autoupdate/silentupdate/resources/layer.xml as layer for dk.sdu.mmmi.cbse.SilentUpdate not jar:file:/C:/Users/simon/Documents/NetBeansProjects/SB4-KOM-F16/AsteroidsNetbeansModules/application/target/asteroidsnetbeansmodules/asteroidsnetbeansmodules/modules/dk-sdu-mmmi-cbse-SilentUpdate.jar!/org/netbeans/modules/autoupdate/silentupdate/resources/layer.xml
INFO [org.netbeans.core.startup.NbEvents]: Turning on modules:
	org.openide.util.lookup [8.32.1 201510222201]
	org.openide.util [9.5.1 201510222201]
	org.openide.util.ui [9.4.1 201510222201]
	org.openide.modules [7.47.1 201510222201]
	org.netbeans.api.annotations.common/1 [1.26.1 201510222201]
	org.openide.filesystems [9.8.1 201510222201]
	org.netbeans.api.intent [1.1.1 201510222201]
	org.netbeans.api.io [1.2.1 201510222201]
	org.openide.io [1.48.1 201510222201]
	org.openide.filesystems.compat8 [9.7.1 201510222201]
	org.openide.awt [7.65.1 201510222201]
	org.netbeans.libs.asm [5.2.1 201510222201]
	org.netbeans.bootstrap/1 [2.74.1 201510222201]
	org.netbeans.core.startup.base [1.61.1.1 1 201510222201]
	org.netbeans.core.startup/1 [1.61.1.1 201510222201]
	org.netbeans.libs.osgi [1.20.1 201510222201]
	org.netbeans.core.netigso [1.30.1 201510222201]
	org.netbeans.modules.netbinox [1.39.1 201510222201]
	org.netbeans.api.progress/1 [1.46.1 201510222201]
	org.netbeans.api.progress.nb [1.46.1 201510222201]
	org.netbeans.modules.autoupdate.services [1.51.1 201510222201]
	dk.sdu.mmmi.cbse.Spring [1.0 1.0-20160511 201605111744]
	dk.sdu.mmmi.cbse.SilentUpdate [1.0 1.0-20160511 201605111744]
	dk.sdu.mmmi.cbse.Projectile [1.0.0 1.0.0.SNAPSHOT]
	dk.sdu.mmmi.cbse.Common [1.0 1.0-20160511 201605111744]
	dk.sdu.mmmi.cbse.Obstacle [1.0 1.0-20160511 201605111744]
	dk.sdu.mmmi.cbse.OSGiActivator [1.0 1.0-20160511 201605111744]
	dk.sdu.mmmi.cbse.Core [1.0 1.0-20160511 201605111744]
	dk.sdu.mmmi.cbse.AsteroidsNetbeansModules.branding [1.0 1.0-20160511 201605111744]
INFO [org.netbeans.core.netigso.Netigso]: bundle org.apache.felix.scr@1.8.2 resolved
INFO [org.netbeans.core.netigso.Netigso]: bundle org.eclipse.osgi.services@3.4.0.v20140312-2051 resolved
INFO [org.netbeans.core.netigso.Netigso]: bundle org.eclipse.osgi@3.9.1.v20140110-1610 started
INFO [org.netbeans.modules.autoupdate.silentupdate]: Update found: Player[dk.sdu.mmmi.cbse.player/1.0]
INFO [org.netbeans.updater]: 780: Unpacking dk-sdu-mmmi-cbse-player.nbm
INFO [org.netbeans.updater]: File installed C:\Users\simon\Documents\NetBeansProjects\SB4-KOM-F16\AsteroidsNetbeansModules\application\target\asteroidsnetbeansmodules\asteroidsnetbeansmodules\config\Modules\dk-sdu-mmmi-cbse-Player.xml@0
INFO [org.netbeans.updater]: Copied file netbeans/config/Modules/dk-sdu-mmmi-cbse-Player.xml to C:\Users\simon\Documents\NetBeansProjects\SB4-KOM-F16\AsteroidsNetbeansModules\application\target\asteroidsnetbeansmodules\asteroidsnetbeansmodules\config\Modules\dk-sdu-mmmi-cbse-Player.xml
INFO [org.netbeans.updater]: File installed C:\Users\simon\Documents\NetBeansProjects\SB4-KOM-F16\AsteroidsNetbeansModules\application\target\asteroidsnetbeansmodules\asteroidsnetbeansmodules\modules\dk-sdu-mmmi-cbse-Player.jar@0
INFO [org.netbeans.updater]: Copied file netbeans/modules/dk-sdu-mmmi-cbse-Player.jar to C:\Users\simon\Documents\NetBeansProjects\SB4-KOM-F16\AsteroidsNetbeansModules\application\target\asteroidsnetbeansmodules\asteroidsnetbeansmodules\modules\dk-sdu-mmmi-cbse-Player.jar
INFO [org.netbeans.updater]: File C:\Users\simon\Documents\NetBeansProjects\SB4-KOM-F16\AsteroidsNetbeansModules\application\target\asteroidsnetbeansmodules\asteroidsnetbeansmodules\update\download\dk-sdu-mmmi-cbse-player.nbm deleted.
INFO [org.netbeans.updater]: Use XML Transformer: com.sun.org.apache.xalan.internal.xsltc.trax.TransformerImpl@33e4d50f
INFO [org.netbeans.updater]: File C:\Users\simon\Documents\NetBeansProjects\SB4-KOM-F16\AsteroidsNetbeansModules\application\target\asteroidsnetbeansmodules\asteroidsnetbeansmodules\update_tracking\dk-sdu-mmmi-cbse-Player.xml modified.
INFO [org.netbeans.updater]: File installed C:\Users\simon\Documents\NetBeansProjects\SB4-KOM-F16\AsteroidsNetbeansModules\application\target\asteroidsnetbeansmodules\asteroidsnetbeansmodules\update_tracking\dk-sdu-mmmi-cbse-Player.xml@0
INFO [org.netbeans.updater]: File C:\Users\simon\Documents\NetBeansProjects\SB4-KOM-F16\AsteroidsNetbeansModules\application\target\asteroidsnetbeansmodules\asteroidsnetbeansmodules\update\download\additional_information.xml deleted.
INFO [org.netbeans.core.startup.NbEvents]: Turning on modules:
	dk.sdu.mmmi.cbse.Player [1.0 1.0-20160509 201605090843]
Turning on modules...
Loading module services...
Loading modules...
Starting modules...
Turning on modules...done.
INFO [org.netbeans.modules.autoupdate.services.InstallSupportImpl]: Timeout waiting for loading module dk.sdu.mmmi.cbse.player@1.0
INFO [org.netbeans.modules.autoupdate.silentupdate]: A problem caught while installation of updates, cause: 
org.netbeans.api.autoupdate.OperationException[INSTALL]: timeout of loading Player[dk.sdu.mmmi.cbse.player/1.0]
	at org.netbeans.modules.autoupdate.services.InstallSupportImpl$3.call(InstallSupportImpl.java:447)
	at org.netbeans.modules.autoupdate.services.InstallSupportImpl$3.call(InstallSupportImpl.java:308)
[catch] at java.util.concurrent.FutureTask.run(FutureTask.java:266)
	at java.util.concurrent.ThreadPoolExecutor.runWorker(ThreadPoolExecutor.java:1142)
	at java.util.concurrent.ThreadPoolExecutor$Worker.run(ThreadPoolExecutor.java:617)
	at java.lang.Thread.run(Thread.java:745)
INFO [org.netbeans.modules.autoupdate.silentupdate]: Update found: Player[dk.sdu.mmmi.cbse.player/1.0]
INFO [org.netbeans.updater]: 780: Unpacking dk-sdu-mmmi-cbse-player.nbm
INFO [org.netbeans.updater]: File installed C:\Users\simon\Documents\NetBeansProjects\SB4-KOM-F16\AsteroidsNetbeansModules\application\target\asteroidsnetbeansmodules\asteroidsnetbeansmodules\update\backup\netbeans\config\Modules\dk-sdu-mmmi-cbse-Player.xml@0
INFO [org.netbeans.updater]: Backup file C:\Users\simon\Documents\NetBeansProjects\SB4-KOM-F16\AsteroidsNetbeansModules\application\target\asteroidsnetbeansmodules\asteroidsnetbeansmodules\config\Modules\dk-sdu-mmmi-cbse-Player.xml to C:\Users\simon\Documents\NetBeansProjects\SB4-KOM-F16\AsteroidsNetbeansModules\application\target\asteroidsnetbeansmodules\asteroidsnetbeansmodules\update\backup\netbeans\config\Modules\dk-sdu-mmmi-cbse-Player.xml
INFO [org.netbeans.updater]: File C:\Users\simon\Documents\NetBeansProjects\SB4-KOM-F16\AsteroidsNetbeansModules\application\target\asteroidsnetbeansmodules\asteroidsnetbeansmodules\config\Modules\dk-sdu-mmmi-cbse-Player.xml deleted.
INFO [org.netbeans.updater]: File installed C:\Users\simon\Documents\NetBeansProjects\SB4-KOM-F16\AsteroidsNetbeansModules\application\target\asteroidsnetbeansmodules\asteroidsnetbeansmodules\config\Modules\dk-sdu-mmmi-cbse-Player.xml@0
INFO [org.netbeans.updater]: Copied file netbeans/config/Modules/dk-sdu-mmmi-cbse-Player.xml to C:\Users\simon\Documents\NetBeansProjects\SB4-KOM-F16\AsteroidsNetbeansModules\application\target\asteroidsnetbeansmodules\asteroidsnetbeansmodules\config\Modules\dk-sdu-mmmi-cbse-Player.xml
INFO [org.netbeans.updater]: File installed C:\Users\simon\Documents\NetBeansProjects\SB4-KOM-F16\AsteroidsNetbeansModules\application\target\asteroidsnetbeansmodules\asteroidsnetbeansmodules\update\backup\netbeans\modules\dk-sdu-mmmi-cbse-Player.jar@0
INFO [org.netbeans.updater]: Backup file C:\Users\simon\Documents\NetBeansProjects\SB4-KOM-F16\AsteroidsNetbeansModules\application\target\asteroidsnetbeansmodules\asteroidsnetbeansmodules\modules\dk-sdu-mmmi-cbse-Player.jar to C:\Users\simon\Documents\NetBeansProjects\SB4-KOM-F16\AsteroidsNetbeansModules\application\target\asteroidsnetbeansmodules\asteroidsnetbeansmodules\update\backup\netbeans\modules\dk-sdu-mmmi-cbse-Player.jar
INFO [org.netbeans.updater]: File C:\Users\simon\Documents\NetBeansProjects\SB4-KOM-F16\AsteroidsNetbeansModules\application\target\asteroidsnetbeansmodules\asteroidsnetbeansmodules\modules\dk-sdu-mmmi-cbse-Player.jar renamed to C:\Users\simon\Documents\NetBeansProjects\SB4-KOM-F16\AsteroidsNetbeansModules\application\target\asteroidsnetbeansmodules\asteroidsnetbeansmodules\modules\temporary1032147538530707780.tmp
INFO [org.netbeans.updater]: Locked file C:\Users\simon\Documents\NetBeansProjects\SB4-KOM-F16\AsteroidsNetbeansModules\application\target\asteroidsnetbeansmodules\asteroidsnetbeansmodules\modules\temporary1032147538530707780.tmp will be deleted on exit.
INFO [org.netbeans.updater]: File installed C:\Users\simon\Documents\NetBeansProjects\SB4-KOM-F16\AsteroidsNetbeansModules\application\target\asteroidsnetbeansmodules\asteroidsnetbeansmodules\modules\dk-sdu-mmmi-cbse-Player.jar@1.462.988.694.427
INFO [org.netbeans.updater]: Copied file netbeans/modules/dk-sdu-mmmi-cbse-Player.jar to C:\Users\simon\Documents\NetBeansProjects\SB4-KOM-F16\AsteroidsNetbeansModules\application\target\asteroidsnetbeansmodules\asteroidsnetbeansmodules\modules\dk-sdu-mmmi-cbse-Player.jar
INFO [org.netbeans.updater]: File C:\Users\simon\Documents\NetBeansProjects\SB4-KOM-F16\AsteroidsNetbeansModules\application\target\asteroidsnetbeansmodules\asteroidsnetbeansmodules\update\download\dk-sdu-mmmi-cbse-player.nbm deleted.
INFO [org.netbeans.updater]: Use XML Transformer: com.sun.org.apache.xalan.internal.xsltc.trax.TransformerImpl@551837cb
INFO [org.netbeans.updater]: File C:\Users\simon\Documents\NetBeansProjects\SB4-KOM-F16\AsteroidsNetbeansModules\application\target\asteroidsnetbeansmodules\asteroidsnetbeansmodules\update_tracking\dk-sdu-mmmi-cbse-Player.xml modified.
INFO [org.netbeans.updater]: File installed C:\Users\simon\Documents\NetBeansProjects\SB4-KOM-F16\AsteroidsNetbeansModules\application\target\asteroidsnetbeansmodules\asteroidsnetbeansmodules\update_tracking\dk-sdu-mmmi-cbse-Player.xml@0
INFO [org.netbeans.updater]: File C:\Users\simon\Documents\NetBeansProjects\SB4-KOM-F16\AsteroidsNetbeansModules\application\target\asteroidsnetbeansmodules\asteroidsnetbeansmodules\update\download\additional_information.xml deleted.
